<?xml version="1.0" encoding="UTF-8"?>
<testsuite xmlns:xsi="http://www.w3.org/2001/XMLSchema-instance" xsi:noNamespaceSchemaLocation="https://maven.apache.org/surefire/maven-surefire-plugin/xsd/surefire-test-report.xsd" name="es.iespuertolacruz.pokemon.api.ConoceTest" time="0.008" tests="2" errors="0" skipped="0" failures="0">
  <properties>
    <property name="sun.desktop" value="gnome"/>
    <property name="awt.toolkit" value="sun.awt.X11.XToolkit"/>
    <property name="java.specification.version" value="11"/>
    <property name="sun.cpu.isalist" value=""/>
    <property name="sun.jnu.encoding" value="UTF-8"/>
    <property name="java.class.path" value="/home/ruben/Desktop/PokemonDb/Pokemon/target/test-classes:/home/ruben/Desktop/PokemonDb/Pokemon/target/classes:/home/ruben/.m2/repository/org/apache/maven/plugins/maven-javadoc-plugin/3.2.0/maven-javadoc-plugin-3.2.0.jar:/home/ruben/.m2/repository/org/apache/maven/maven-core/3.0/maven-core-3.0.jar:/home/ruben/.m2/repository/org/apache/maven/maven-settings-builder/3.0/maven-settings-builder-3.0.jar:/home/ruben/.m2/repository/org/apache/maven/maven-repository-metadata/3.0/maven-repository-metadata-3.0.jar:/home/ruben/.m2/repository/org/apache/maven/maven-model-builder/3.0/maven-model-builder-3.0.jar:/home/ruben/.m2/repository/org/apache/maven/maven-aether-provider/3.0/maven-aether-provider-3.0.jar:/home/ruben/.m2/repository/org/sonatype/aether/aether-impl/1.7/aether-impl-1.7.jar:/home/ruben/.m2/repository/org/sonatype/aether/aether-spi/1.7/aether-spi-1.7.jar:/home/ruben/.m2/repository/org/sonatype/aether/aether-api/1.7/aether-api-1.7.jar:/home/ruben/.m2/repository/org/sonatype/aether/aether-util/1.7/aether-util-1.7.jar:/home/ruben/.m2/repository/org/sonatype/sisu/sisu-inject-plexus/1.4.2/sisu-inject-plexus-1.4.2.jar:/home/ruben/.m2/repository/org/sonatype/sisu/sisu-inject-bean/1.4.2/sisu-inject-bean-1.4.2.jar:/home/ruben/.m2/repository/org/sonatype/sisu/sisu-guice/2.1.7/sisu-guice-2.1.7-noaop.jar:/home/ruben/.m2/repository/org/codehaus/plexus/plexus-interpolation/1.14/plexus-interpolation-1.14.jar:/home/ruben/.m2/repository/org/codehaus/plexus/plexus-classworlds/2.2.3/plexus-classworlds-2.2.3.jar:/home/ruben/.m2/repository/org/codehaus/plexus/plexus-component-annotations/1.5.5/plexus-component-annotations-1.5.5.jar:/home/ruben/.m2/repository/org/sonatype/plexus/plexus-sec-dispatcher/1.3/plexus-sec-dispatcher-1.3.jar:/home/ruben/.m2/repository/org/sonatype/plexus/plexus-cipher/1.4/plexus-cipher-1.4.jar:/home/ruben/.m2/repository/org/apache/maven/maven-model/3.0/maven-model-3.0.jar:/home/ruben/.m2/repository/org/apache/maven/maven-settings/3.0/maven-settings-3.0.jar:/home/ruben/.m2/repository/org/apache/maven/maven-plugin-api/3.0/maven-plugin-api-3.0.jar:/home/ruben/.m2/repository/org/apache/maven/maven-artifact/3.0/maven-artifact-3.0.jar:/home/ruben/.m2/repository/org/apache/maven/reporting/maven-reporting-api/3.0/maven-reporting-api-3.0.jar:/home/ruben/.m2/repository/org/apache/maven/maven-archiver/3.5.0/maven-archiver-3.5.0.jar:/home/ruben/.m2/repository/org/apache/maven/shared/maven-shared-utils/3.2.1/maven-shared-utils-3.2.1.jar:/home/ruben/.m2/repository/org/apache/maven/shared/maven-invoker/3.0.0/maven-invoker-3.0.0.jar:/home/ruben/.m2/repository/org/apache/maven/shared/maven-common-artifact-filters/3.0.0/maven-common-artifact-filters-3.0.0.jar:/home/ruben/.m2/repository/org/apache/maven/shared/maven-artifact-transfer/0.10.1/maven-artifact-transfer-0.10.1.jar:/home/ruben/.m2/repository/commons-codec/commons-codec/1.11/commons-codec-1.11.jar:/home/ruben/.m2/repository/org/slf4j/slf4j-api/1.7.5/slf4j-api-1.7.5.jar:/home/ruben/.m2/repository/org/apache/maven/doxia/doxia-sink-api/1.7/doxia-sink-api-1.7.jar:/home/ruben/.m2/repository/org/apache/maven/doxia/doxia-logging-api/1.7/doxia-logging-api-1.7.jar:/home/ruben/.m2/repository/org/apache/maven/doxia/doxia-site-renderer/1.9.2/doxia-site-renderer-1.9.2.jar:/home/ruben/.m2/repository/org/apache/maven/doxia/doxia-core/1.9.1/doxia-core-1.9.1.jar:/home/ruben/.m2/repository/org/apache/maven/doxia/doxia-decoration-model/1.9.2/doxia-decoration-model-1.9.2.jar:/home/ruben/.m2/repository/org/apache/maven/doxia/doxia-skin-model/1.9.2/doxia-skin-model-1.9.2.jar:/home/ruben/.m2/repository/org/apache/maven/doxia/doxia-module-xhtml/1.9.1/doxia-module-xhtml-1.9.1.jar:/home/ruben/.m2/repository/org/apache/maven/doxia/doxia-module-xhtml5/1.9.1/doxia-module-xhtml5-1.9.1.jar:/home/ruben/.m2/repository/org/codehaus/plexus/plexus-i18n/1.0-beta-10/plexus-i18n-1.0-beta-10.jar:/home/ruben/.m2/repository/org/codehaus/plexus/plexus-container-default/1.0-alpha-30/plexus-container-default-1.0-alpha-30.jar:/home/ruben/.m2/repository/junit/junit/3.8.1/junit-3.8.1.jar:/home/ruben/.m2/repository/org/codehaus/plexus/plexus-velocity/1.2/plexus-velocity-1.2.jar:/home/ruben/.m2/repository/org/apache/velocity/velocity/1.7/velocity-1.7.jar:/home/ruben/.m2/repository/commons-lang/commons-lang/2.4/commons-lang-2.4.jar:/home/ruben/.m2/repository/org/apache/velocity/velocity-tools/2.0/velocity-tools-2.0.jar:/home/ruben/.m2/repository/commons-beanutils/commons-beanutils/1.7.0/commons-beanutils-1.7.0.jar:/home/ruben/.m2/repository/commons-digester/commons-digester/1.8/commons-digester-1.8.jar:/home/ruben/.m2/repository/commons-chain/commons-chain/1.1/commons-chain-1.1.jar:/home/ruben/.m2/repository/dom4j/dom4j/1.1/dom4j-1.1.jar:/home/ruben/.m2/repository/oro/oro/2.0.8/oro-2.0.8.jar:/home/ruben/.m2/repository/commons-collections/commons-collections/3.2.2/commons-collections-3.2.2.jar:/home/ruben/.m2/repository/org/apache/maven/wagon/wagon-provider-api/2.4/wagon-provider-api-2.4.jar:/home/ruben/.m2/repository/org/apache/commons/commons-lang3/3.5/commons-lang3-3.5.jar:/home/ruben/.m2/repository/commons-io/commons-io/2.5/commons-io-2.5.jar:/home/ruben/.m2/repository/org/apache/httpcomponents/httpclient/4.5.8/httpclient-4.5.8.jar:/home/ruben/.m2/repository/org/apache/httpcomponents/httpcore/4.4.11/httpcore-4.4.11.jar:/home/ruben/.m2/repository/commons-logging/commons-logging/1.2/commons-logging-1.2.jar:/home/ruben/.m2/repository/com/thoughtworks/qdox/qdox/2.0-M10/qdox-2.0-M10.jar:/home/ruben/.m2/repository/org/codehaus/plexus/plexus-java/1.0.5/plexus-java-1.0.5.jar:/home/ruben/.m2/repository/org/ow2/asm/asm/7.2/asm-7.2.jar:/home/ruben/.m2/repository/org/codehaus/plexus/plexus-archiver/4.2.1/plexus-archiver-4.2.1.jar:/home/ruben/.m2/repository/org/apache/commons/commons-compress/1.19/commons-compress-1.19.jar:/home/ruben/.m2/repository/org/iq80/snappy/snappy/0.4/snappy-0.4.jar:/home/ruben/.m2/repository/org/tukaani/xz/1.8/xz-1.8.jar:/home/ruben/.m2/repository/org/codehaus/plexus/plexus-io/3.2.0/plexus-io-3.2.0.jar:/home/ruben/.m2/repository/org/codehaus/plexus/plexus-utils/3.3.0/plexus-utils-3.3.0.jar:/home/ruben/.m2/repository/org/codehaus/plexus/plexus-interactivity-api/1.0-alpha-6/plexus-interactivity-api-1.0-alpha-6.jar:/home/ruben/.m2/repository/org/junit/jupiter/junit-jupiter-api/5.6.0/junit-jupiter-api-5.6.0.jar:/home/ruben/.m2/repository/org/apiguardian/apiguardian-api/1.1.0/apiguardian-api-1.1.0.jar:/home/ruben/.m2/repository/org/opentest4j/opentest4j/1.2.0/opentest4j-1.2.0.jar:/home/ruben/.m2/repository/org/junit/platform/junit-platform-commons/1.6.0/junit-platform-commons-1.6.0.jar:/home/ruben/.m2/repository/org/junit/jupiter/junit-jupiter-params/5.6.0/junit-jupiter-params-5.6.0.jar:/home/ruben/.m2/repository/org/junit/jupiter/junit-jupiter-engine/5.6.0/junit-jupiter-engine-5.6.0.jar:/home/ruben/.m2/repository/org/junit/platform/junit-platform-engine/1.6.0/junit-platform-engine-1.6.0.jar:/home/ruben/.m2/repository/org/xerial/sqlite-jdbc/3.34.0/sqlite-jdbc-3.34.0.jar:/home/ruben/.m2/repository/mysql/mysql-connector-java/8.0.25/mysql-connector-java-8.0.25.jar:/home/ruben/.m2/repository/com/google/protobuf/protobuf-java/3.11.4/protobuf-java-3.11.4.jar:"/>
    <property name="java.vm.vendor" value="Ubuntu"/>
    <property name="sun.arch.data.model" value="64"/>
    <property name="java.vendor.url" value="https://ubuntu.com/"/>
    <property name="user.timezone" value=""/>
    <property name="java.vm.specification.version" value="11"/>
    <property name="os.name" value="Linux"/>
    <property name="sun.java.launcher" value="SUN_STANDARD"/>
    <property name="user.country" value="US"/>
    <property name="sun.boot.library.path" value="/usr/lib/jvm/java-11-openjdk-amd64/lib"/>
    <property name="sun.java.command" value="/home/ruben/Desktop/PokemonDb/Pokemon/target/surefire/surefirebooter15951381707303460554.jar /home/ruben/Desktop/PokemonDb/Pokemon/target/surefire 2021-06-02T20-13-54_471-jvmRun1 surefire6857516362118326170tmp surefire_08064098459860405211tmp"/>
    <property name="jdk.debug" value="release"/>
    <property name="surefire.test.class.path" value="/home/ruben/Desktop/PokemonDb/Pokemon/target/test-classes:/home/ruben/Desktop/PokemonDb/Pokemon/target/classes:/home/ruben/.m2/repository/org/apache/maven/plugins/maven-javadoc-plugin/3.2.0/maven-javadoc-plugin-3.2.0.jar:/home/ruben/.m2/repository/org/apache/maven/maven-core/3.0/maven-core-3.0.jar:/home/ruben/.m2/repository/org/apache/maven/maven-settings-builder/3.0/maven-settings-builder-3.0.jar:/home/ruben/.m2/repository/org/apache/maven/maven-repository-metadata/3.0/maven-repository-metadata-3.0.jar:/home/ruben/.m2/repository/org/apache/maven/maven-model-builder/3.0/maven-model-builder-3.0.jar:/home/ruben/.m2/repository/org/apache/maven/maven-aether-provider/3.0/maven-aether-provider-3.0.jar:/home/ruben/.m2/repository/org/sonatype/aether/aether-impl/1.7/aether-impl-1.7.jar:/home/ruben/.m2/repository/org/sonatype/aether/aether-spi/1.7/aether-spi-1.7.jar:/home/ruben/.m2/repository/org/sonatype/aether/aether-api/1.7/aether-api-1.7.jar:/home/ruben/.m2/repository/org/sonatype/aether/aether-util/1.7/aether-util-1.7.jar:/home/ruben/.m2/repository/org/sonatype/sisu/sisu-inject-plexus/1.4.2/sisu-inject-plexus-1.4.2.jar:/home/ruben/.m2/repository/org/sonatype/sisu/sisu-inject-bean/1.4.2/sisu-inject-bean-1.4.2.jar:/home/ruben/.m2/repository/org/sonatype/sisu/sisu-guice/2.1.7/sisu-guice-2.1.7-noaop.jar:/home/ruben/.m2/repository/org/codehaus/plexus/plexus-interpolation/1.14/plexus-interpolation-1.14.jar:/home/ruben/.m2/repository/org/codehaus/plexus/plexus-classworlds/2.2.3/plexus-classworlds-2.2.3.jar:/home/ruben/.m2/repository/org/codehaus/plexus/plexus-component-annotations/1.5.5/plexus-component-annotations-1.5.5.jar:/home/ruben/.m2/repository/org/sonatype/plexus/plexus-sec-dispatcher/1.3/plexus-sec-dispatcher-1.3.jar:/home/ruben/.m2/repository/org/sonatype/plexus/plexus-cipher/1.4/plexus-cipher-1.4.jar:/home/ruben/.m2/repository/org/apache/maven/maven-model/3.0/maven-model-3.0.jar:/home/ruben/.m2/repository/org/apache/maven/maven-settings/3.0/maven-settings-3.0.jar:/home/ruben/.m2/repository/org/apache/maven/maven-plugin-api/3.0/maven-plugin-api-3.0.jar:/home/ruben/.m2/repository/org/apache/maven/maven-artifact/3.0/maven-artifact-3.0.jar:/home/ruben/.m2/repository/org/apache/maven/reporting/maven-reporting-api/3.0/maven-reporting-api-3.0.jar:/home/ruben/.m2/repository/org/apache/maven/maven-archiver/3.5.0/maven-archiver-3.5.0.jar:/home/ruben/.m2/repository/org/apache/maven/shared/maven-shared-utils/3.2.1/maven-shared-utils-3.2.1.jar:/home/ruben/.m2/repository/org/apache/maven/shared/maven-invoker/3.0.0/maven-invoker-3.0.0.jar:/home/ruben/.m2/repository/org/apache/maven/shared/maven-common-artifact-filters/3.0.0/maven-common-artifact-filters-3.0.0.jar:/home/ruben/.m2/repository/org/apache/maven/shared/maven-artifact-transfer/0.10.1/maven-artifact-transfer-0.10.1.jar:/home/ruben/.m2/repository/commons-codec/commons-codec/1.11/commons-codec-1.11.jar:/home/ruben/.m2/repository/org/slf4j/slf4j-api/1.7.5/slf4j-api-1.7.5.jar:/home/ruben/.m2/repository/org/apache/maven/doxia/doxia-sink-api/1.7/doxia-sink-api-1.7.jar:/home/ruben/.m2/repository/org/apache/maven/doxia/doxia-logging-api/1.7/doxia-logging-api-1.7.jar:/home/ruben/.m2/repository/org/apache/maven/doxia/doxia-site-renderer/1.9.2/doxia-site-renderer-1.9.2.jar:/home/ruben/.m2/repository/org/apache/maven/doxia/doxia-core/1.9.1/doxia-core-1.9.1.jar:/home/ruben/.m2/repository/org/apache/maven/doxia/doxia-decoration-model/1.9.2/doxia-decoration-model-1.9.2.jar:/home/ruben/.m2/repository/org/apache/maven/doxia/doxia-skin-model/1.9.2/doxia-skin-model-1.9.2.jar:/home/ruben/.m2/repository/org/apache/maven/doxia/doxia-module-xhtml/1.9.1/doxia-module-xhtml-1.9.1.jar:/home/ruben/.m2/repository/org/apache/maven/doxia/doxia-module-xhtml5/1.9.1/doxia-module-xhtml5-1.9.1.jar:/home/ruben/.m2/repository/org/codehaus/plexus/plexus-i18n/1.0-beta-10/plexus-i18n-1.0-beta-10.jar:/home/ruben/.m2/repository/org/codehaus/plexus/plexus-container-default/1.0-alpha-30/plexus-container-default-1.0-alpha-30.jar:/home/ruben/.m2/repository/junit/junit/3.8.1/junit-3.8.1.jar:/home/ruben/.m2/repository/org/codehaus/plexus/plexus-velocity/1.2/plexus-velocity-1.2.jar:/home/ruben/.m2/repository/org/apache/velocity/velocity/1.7/velocity-1.7.jar:/home/ruben/.m2/repository/commons-lang/commons-lang/2.4/commons-lang-2.4.jar:/home/ruben/.m2/repository/org/apache/velocity/velocity-tools/2.0/velocity-tools-2.0.jar:/home/ruben/.m2/repository/commons-beanutils/commons-beanutils/1.7.0/commons-beanutils-1.7.0.jar:/home/ruben/.m2/repository/commons-digester/commons-digester/1.8/commons-digester-1.8.jar:/home/ruben/.m2/repository/commons-chain/commons-chain/1.1/commons-chain-1.1.jar:/home/ruben/.m2/repository/dom4j/dom4j/1.1/dom4j-1.1.jar:/home/ruben/.m2/repository/oro/oro/2.0.8/oro-2.0.8.jar:/home/ruben/.m2/repository/commons-collections/commons-collections/3.2.2/commons-collections-3.2.2.jar:/home/ruben/.m2/repository/org/apache/maven/wagon/wagon-provider-api/2.4/wagon-provider-api-2.4.jar:/home/ruben/.m2/repository/org/apache/commons/commons-lang3/3.5/commons-lang3-3.5.jar:/home/ruben/.m2/repository/commons-io/commons-io/2.5/commons-io-2.5.jar:/home/ruben/.m2/repository/org/apache/httpcomponents/httpclient/4.5.8/httpclient-4.5.8.jar:/home/ruben/.m2/repository/org/apache/httpcomponents/httpcore/4.4.11/httpcore-4.4.11.jar:/home/ruben/.m2/repository/commons-logging/commons-logging/1.2/commons-logging-1.2.jar:/home/ruben/.m2/repository/com/thoughtworks/qdox/qdox/2.0-M10/qdox-2.0-M10.jar:/home/ruben/.m2/repository/org/codehaus/plexus/plexus-java/1.0.5/plexus-java-1.0.5.jar:/home/ruben/.m2/repository/org/ow2/asm/asm/7.2/asm-7.2.jar:/home/ruben/.m2/repository/org/codehaus/plexus/plexus-archiver/4.2.1/plexus-archiver-4.2.1.jar:/home/ruben/.m2/repository/org/apache/commons/commons-compress/1.19/commons-compress-1.19.jar:/home/ruben/.m2/repository/org/iq80/snappy/snappy/0.4/snappy-0.4.jar:/home/ruben/.m2/repository/org/tukaani/xz/1.8/xz-1.8.jar:/home/ruben/.m2/repository/org/codehaus/plexus/plexus-io/3.2.0/plexus-io-3.2.0.jar:/home/ruben/.m2/repository/org/codehaus/plexus/plexus-utils/3.3.0/plexus-utils-3.3.0.jar:/home/ruben/.m2/repository/org/codehaus/plexus/plexus-interactivity-api/1.0-alpha-6/plexus-interactivity-api-1.0-alpha-6.jar:/home/ruben/.m2/repository/org/junit/jupiter/junit-jupiter-api/5.6.0/junit-jupiter-api-5.6.0.jar:/home/ruben/.m2/repository/org/apiguardian/apiguardian-api/1.1.0/apiguardian-api-1.1.0.jar:/home/ruben/.m2/repository/org/opentest4j/opentest4j/1.2.0/opentest4j-1.2.0.jar:/home/ruben/.m2/repository/org/junit/platform/junit-platform-commons/1.6.0/junit-platform-commons-1.6.0.jar:/home/ruben/.m2/repository/org/junit/jupiter/junit-jupiter-params/5.6.0/junit-jupiter-params-5.6.0.jar:/home/ruben/.m2/repository/org/junit/jupiter/junit-jupiter-engine/5.6.0/junit-jupiter-engine-5.6.0.jar:/home/ruben/.m2/repository/org/junit/platform/junit-platform-engine/1.6.0/junit-platform-engine-1.6.0.jar:/home/ruben/.m2/repository/org/xerial/sqlite-jdbc/3.34.0/sqlite-jdbc-3.34.0.jar:/home/ruben/.m2/repository/mysql/mysql-connector-java/8.0.25/mysql-connector-java-8.0.25.jar:/home/ruben/.m2/repository/com/google/protobuf/protobuf-java/3.11.4/protobuf-java-3.11.4.jar:"/>
    <property name="sun.cpu.endian" value="little"/>
    <property name="user.home" value="/home/ruben"/>
    <property name="user.language" value="en"/>
    <property name="java.specification.vendor" value="Oracle Corporation"/>
    <property name="java.version.date" value="2021-04-20"/>
    <property name="java.home" value="/usr/lib/jvm/java-11-openjdk-amd64"/>
    <property name="file.separator" value="/"/>
    <property name="basedir" value="/home/ruben/Desktop/PokemonDb/Pokemon"/>
    <property name="java.vm.compressedOopsMode" value="32-bit"/>
    <property name="line.separator" value="&#10;"/>
    <property name="java.specification.name" value="Java Platform API Specification"/>
    <property name="java.vm.specification.vendor" value="Oracle Corporation"/>
    <property name="java.awt.graphicsenv" value="sun.awt.X11GraphicsEnvironment"/>
    <property name="surefire.real.class.path" value="/home/ruben/Desktop/PokemonDb/Pokemon/target/surefire/surefirebooter15951381707303460554.jar"/>
    <property name="sun.management.compiler" value="HotSpot 64-Bit Tiered Compilers"/>
    <property name="java.runtime.version" value="11.0.11+9-Ubuntu-0ubuntu2"/>
    <property name="user.name" value="ruben"/>
    <property name="path.separator" value=":"/>
    <property name="os.version" value="5.11.0-17-generic"/>
    <property name="java.runtime.name" value="OpenJDK Runtime Environment"/>
    <property name="file.encoding" value="UTF-8"/>
    <property name="java.vm.name" value="OpenJDK 64-Bit Server VM"/>
    <property name="localRepository" value="/home/ruben/.m2/repository"/>
    <property name="java.vendor.url.bug" value="https://bugs.launchpad.net/ubuntu/+source/openjdk-lts"/>
    <property name="java.io.tmpdir" value="/tmp"/>
    <property name="java.version" value="11.0.11"/>
    <property name="user.dir" value="/home/ruben/Desktop/PokemonDb/Pokemon"/>
    <property name="os.arch" value="amd64"/>
    <property name="java.vm.specification.name" value="Java Virtual Machine Specification"/>
    <property name="java.awt.printerjob" value="sun.print.PSPrinterJob"/>
    <property name="sun.os.patch.level" value="unknown"/>
    <property name="java.library.path" value="/usr/java/packages/lib:/usr/lib/x86_64-linux-gnu/jni:/lib/x86_64-linux-gnu:/usr/lib/x86_64-linux-gnu:/usr/lib/jni:/lib:/usr/lib"/>
    <property name="java.vm.info" value="mixed mode, sharing"/>
    <property name="java.vendor" value="Ubuntu"/>
    <property name="java.vm.version" value="11.0.11+9-Ubuntu-0ubuntu2"/>
    <property name="sun.io.unicode.encoding" value="UnicodeLittle"/>
    <property name="java.class.version" value="55.0"/>
  </properties>
  <testcase name="EqualsTest" classname="es.iespuertolacruz.pokemon.api.ConoceTest" time="0.005"/>
  <testcase name="toStringTest" classname="es.iespuertolacruz.pokemon.api.ConoceTest" time="0.002"/>
</testsuite>